<?xml version="1.0" encoding="UTF-8"?>
<testng-results ignored="0" total="1" passed="1" failed="0" skipped="0">
  <reporter-output>
  </reporter-output>
  <suite started-at="2023-02-16T18:10:22 IST" name="Default suite" finished-at="2023-02-16T18:10:39 IST" duration-ms="16686">
    <groups>
    </groups>
    <test started-at="2023-02-16T18:10:22 IST" name="Default test" finished-at="2023-02-16T18:10:39 IST" duration-ms="16686">
      <class name="ParametersMasters.ColorTC">
        <test-method is-config="true" signature="browsersetup()[pri:0, instance:ParametersMasters.ColorTC@242b836]" started-at="2023-02-16T18:10:22 IST" name="browsersetup" finished-at="2023-02-16T18:10:29 IST" duration-ms="6803" status="PASS">
          <reporter-output>
          </reporter-output>
        </test-method> <!-- browsersetup -->
        <test-method signature="ValidateColor()[pri:0, instance:ParametersMasters.ColorTC@242b836]" started-at="2023-02-16T18:10:29 IST" name="ValidateColor" finished-at="2023-02-16T18:10:39 IST" duration-ms="9841" status="PASS">
          <reporter-output>
          </reporter-output>
        </test-method> <!-- ValidateColor -->
      </class> <!-- ParametersMasters.ColorTC -->
    </test> <!-- Default test -->
  </suite> <!-- Default suite -->
</testng-results>
