<?xml version="1.0" encoding="UTF-8"?>
<testng-results ignored="0" total="1" passed="1" failed="0" skipped="0">
  <reporter-output>
  </reporter-output>
  <suite started-at="2023-02-15T18:26:13 IST" name="Default suite" finished-at="2023-02-15T18:26:31 IST" duration-ms="17561">
    <groups>
    </groups>
    <test started-at="2023-02-15T18:26:13 IST" name="Default test" finished-at="2023-02-15T18:26:31 IST" duration-ms="17561">
      <class name="ParametersMasters.ShapeTC">
        <test-method is-config="true" signature="browsersetup()[pri:0, instance:ParametersMasters.ShapeTC@73e9cf30]" started-at="2023-02-15T18:26:13 IST" name="browsersetup" finished-at="2023-02-15T18:26:22 IST" duration-ms="8716" status="PASS">
          <reporter-output>
          </reporter-output>
        </test-method> <!-- browsersetup -->
        <test-method signature="f()[pri:0, instance:ParametersMasters.ShapeTC@73e9cf30]" started-at="2023-02-15T18:26:22 IST" name="f" finished-at="2023-02-15T18:26:31 IST" duration-ms="8803" status="PASS">
          <reporter-output>
          </reporter-output>
        </test-method> <!-- f -->
      </class> <!-- ParametersMasters.ShapeTC -->
    </test> <!-- Default test -->
  </suite> <!-- Default suite -->
</testng-results>
